<?xml version="1.0" encoding="UTF-8"?>
<!-- Generated by org.testng.reporters.JUnitXMLReporter -->
<testsuite ignored="0" hostname="DVCINH6110119" failures="0" tests="7" name="mytest" time="9.551" errors="0" timestamp="2025-03-29T01:40:21 IST">
  <testcase classname="TestNGUdemy.OrangeHRMTest" name="openapp" time="7.071"/>
  <testcase classname="TestNGUdemy.OrangeHRMTest" name="testLogo" time="2.071"/>
  <testcase classname="TestNGUdemy.OrangeHRMTest" name="testlogin" time="0.186"/>
  <testcase classname="TestNGUdemy.OrangeHRMTest" name="closeApp" time="0.146"/>
  <testcase classname="TestNGUdemy.TC_1" name="openapp" time="0.001"/>
  <testcase classname="TestNGUdemy.TC_1" name="login" time="0.0"/>
  <testcase classname="TestNGUdemy.TC_1" name="logout" time="0.001"/>
</testsuite> <!-- mytest -->
