<?xml version="1.0" encoding="UTF-8"?>
<testng-results ignored="0" total="7" passed="7" failed="0" skipped="0">
  <reporter-output>
  </reporter-output>
  <suite started-at="2025-03-29T01:40:12 IST" name="mysuite" finished-at="2025-03-29T01:40:21 IST" duration-ms="9551">
    <groups>
    </groups>
    <test started-at="2025-03-29T01:40:12 IST" name="mytest" finished-at="2025-03-29T01:40:21 IST" duration-ms="9551">
      <class name="TestNGUdemy.OrangeHRMTest">
        <test-method signature="openapp()[pri:1, instance:TestNGUdemy.OrangeHRMTest@63021689]" started-at="2025-03-29T01:40:12 IST" name="openapp" finished-at="2025-03-29T01:40:19 IST" duration-ms="7071" status="PASS">
          <reporter-output>
          </reporter-output>
        </test-method> <!-- openapp -->
        <test-method signature="testLogo()[pri:2, instance:TestNGUdemy.OrangeHRMTest@63021689]" started-at="2025-03-29T01:40:19 IST" name="testLogo" finished-at="2025-03-29T01:40:21 IST" duration-ms="2071" status="PASS">
          <reporter-output>
          </reporter-output>
        </test-method> <!-- testLogo -->
        <test-method signature="testlogin()[pri:3, instance:TestNGUdemy.OrangeHRMTest@63021689]" started-at="2025-03-29T01:40:21 IST" name="testlogin" finished-at="2025-03-29T01:40:21 IST" duration-ms="186" status="PASS">
          <reporter-output>
          </reporter-output>
        </test-method> <!-- testlogin -->
        <test-method signature="closeApp()[pri:4, instance:TestNGUdemy.OrangeHRMTest@63021689]" started-at="2025-03-29T01:40:21 IST" name="closeApp" finished-at="2025-03-29T01:40:21 IST" duration-ms="146" status="PASS">
          <reporter-output>
          </reporter-output>
        </test-method> <!-- closeApp -->
      </class> <!-- TestNGUdemy.OrangeHRMTest -->
      <class name="TestNGUdemy.TC_1">
        <test-method signature="openapp()[pri:1, instance:TestNGUdemy.TC_1@21de60b4]" started-at="2025-03-29T01:40:21 IST" name="openapp" finished-at="2025-03-29T01:40:21 IST" duration-ms="1" status="PASS">
          <reporter-output>
          </reporter-output>
        </test-method> <!-- openapp -->
        <test-method signature="login()[pri:2, instance:TestNGUdemy.TC_1@21de60b4]" started-at="2025-03-29T01:40:21 IST" name="login" finished-at="2025-03-29T01:40:21 IST" duration-ms="0" status="PASS">
          <reporter-output>
          </reporter-output>
        </test-method> <!-- login -->
        <test-method signature="logout()[pri:3, instance:TestNGUdemy.TC_1@21de60b4]" started-at="2025-03-29T01:40:21 IST" name="logout" finished-at="2025-03-29T01:40:21 IST" duration-ms="1" status="PASS">
          <reporter-output>
          </reporter-output>
        </test-method> <!-- logout -->
      </class> <!-- TestNGUdemy.TC_1 -->
    </test> <!-- mytest -->
  </suite> <!-- mysuite -->
</testng-results>
